<?xml version="1.0" encoding="UTF-8"?>
<testsuite name="com.example.demo.GradelApplicationTests" tests="1" skipped="0" failures="0" errors="0" timestamp="2024-06-26T07:16:03" hostname="DESKTOP-TMQ145M" time="0.98">
  <properties/>
  <testcase name="contextLoads()" classname="com.example.demo.GradelApplicationTests" time="0.98"/>
  <system-out><![CDATA[12:46:02.389 [Test worker] INFO org.springframework.test.context.support.AnnotationConfigContextLoaderUtils -- Could not detect default configuration classes for test class [com.example.demo.GradelApplicationTests]: GradelApplicationTests does not declare any static, non-private, non-final, nested classes annotated with @Configuration.
12:46:02.483 [Test worker] INFO org.springframework.boot.test.context.SpringBootTestContextBootstrapper -- Found @SpringBootConfiguration com.example.demo.GradelApplication for test class com.example.demo.GradelApplicationTests

  .   ____          _            __ _ _
 /\\ / ___'_ __ _ _(_)_ __  __ _ \ \ \ \
( ( )\___ | '_ | '_| | '_ \/ _` | \ \ \ \
 \\/  ___)| |_)| | | | | || (_| |  ) ) ) )
  '  |____| .__|_| |_|_| |_\__, | / / / /
 =========|_|==============|___/=/_/_/_/

 :: Spring Boot ::                (v3.3.1)

2024-06-26T12:46:02.907+05:30  INFO 14716 --- [gradel] [    Test worker] c.example.demo.GradelApplicationTests    : Starting GradelApplicationTests using Java 17.0.11 with PID 14716 (started by david in D:\Sample-Project-3\gradel\demo)
2024-06-26T12:46:02.907+05:30  INFO 14716 --- [gradel] [    Test worker] c.example.demo.GradelApplicationTests    : No active profile set, falling back to 1 default profile: "default"
2024-06-26T12:46:03.429+05:30  INFO 14716 --- [gradel] [    Test worker] c.example.demo.GradelApplicationTests    : Started GradelApplicationTests in 0.79 seconds (process running for 2.577)
]]></system-out>
  <system-err><![CDATA[]]></system-err>
</testsuite>
